  imgui-SFML.cpp
  imgui.cpp
  imgui_demo.cpp
  imgui_draw.cpp
  imgui_tables.cpp
  imgui_widgets.cpp
  AssetManager.cpp
  Game.cpp
  InputManager.cpp
E:\Visual Studio 2022 Repos\sfml_game_engine\src\InputManager.cpp(8,128): warning C4244: 'argument': conversion from 'T' to 'T', possible loss of data
          with
          [
              T=float
          ]
          and
          [
              T=int
          ]
E:\Visual Studio 2022 Repos\sfml_game_engine\src\InputManager.cpp(8,96): warning C4244: 'argument': conversion from 'T' to 'T', possible loss of data
          with
          [
              T=float
          ]
          and
          [
              T=int
          ]
E:\Visual Studio 2022 Repos\sfml_game_engine\src\InputManager.cpp(8,68): warning C4244: 'argument': conversion from 'const T' to 'T', possible loss of data
          with
          [
              T=float
          ]
          and
          [
              T=int
          ]
E:\Visual Studio 2022 Repos\sfml_game_engine\src\InputManager.cpp(8,44): warning C4244: 'argument': conversion from 'const T' to 'T', possible loss of data
          with
          [
              T=float
          ]
          and
          [
              T=int
          ]
  main.cpp
  StateMachine.cpp
  Generating code
  Previous IPDB not found, fall back to full compilation.
  All 1818 functions were compiled because no usable IPDB/IOBJ from previous compilation was found.
  Finished generating code
  sfml_game_engine.vcxproj -> E:\Visual Studio 2022 Repos\sfml_game_engine\Release\sfml_game_engine.exe
